[debug] [2025-07-04T07:54:47.018Z] ----------------------------------------------------------------------
[debug] [2025-07-04T07:54:47.023Z] Command:       /Users/Cyrille/.nvm/versions/node/v20.14.0/bin/node /Users/Cyrille/.nvm/versions/node/v20.14.0/bin/firebase init
[debug] [2025-07-04T07:54:47.023Z] CLI Version:   14.9.0
[debug] [2025-07-04T07:54:47.023Z] Platform:      darwin
[debug] [2025-07-04T07:54:47.023Z] Node Version:  v20.14.0
[debug] [2025-07-04T07:54:47.024Z] Time:          Fri Jul 04 2025 09:54:47 GMT+0200 (Central European Summer Time)
[debug] [2025-07-04T07:54:47.024Z] ----------------------------------------------------------------------
[debug] 
[debug] [2025-07-04T07:54:47.223Z] > command requires scopes: ["email","openid","https://www.googleapis.com/auth/cloudplatformprojects.readonly","https://www.googleapis.com/auth/firebase","https://www.googleapis.com/auth/cloud-platform"]
[debug] [2025-07-04T07:54:47.223Z] > authorizing via signed-in user (ngidekollecyrille@gmail.com)
[info] 
     ######## #### ########  ######## ########     ###     ######  ########
     ##        ##  ##     ## ##       ##     ##  ##   ##  ##       ##
     ######    ##  ########  ######   ########  #########  ######  ######
     ##        ##  ##    ##  ##       ##     ## ##     ##       ## ##
     ##       #### ##     ## ######## ########  ##     ##  ######  ########

You're about to initialize a Firebase project in this directory:

  /Users/Cyrille/Documents/projects/indigogallery

Before we get started, keep in mind:

  * You are initializing within an existing Firebase project directory

[debug] [2025-07-04T07:54:57.538Z] ExitPromptError: User force closed the prompt with SIGINT
    at Interface.sigint (/Users/Cyrille/.nvm/versions/node/v20.14.0/lib/node_modules/firebase-tools/node_modules/@inquirer/core/dist/commonjs/lib/create-prompt.js:101:37)
    at Interface.emit (node:events:519:28)
    at Interface.emit (node:domain:488:12)
    at [_ttyWrite] [as _ttyWrite] (node:internal/readline/interface:1126:18)
    at ReadStream.onkeypress (node:internal/readline/interface:265:20)
    at ReadStream.emit (node:events:531:35)
    at ReadStream.emit (node:domain:488:12)
    at emitKeys (node:internal/readline/utils:371:14)
    at emitKeys.next (<anonymous>)
    at ReadStream.onData (node:internal/readline/emitKeypressEvents:64:36)
[error] 
[error] Error: An unexpected error has occurred.
